<?xml version="1.0" encoding="UTF-8"?>
<testng-results skipped="0" failed="0" total="1" passed="1">
  <reporter-output>
  </reporter-output>
  <suite name="Suite" duration-ms="3150831" started-at="2022-04-29T10:04:25Z" finished-at="2022-04-29T10:56:56Z">
    <groups>
    </groups>
    <test name="Test" duration-ms="3150831" started-at="2022-04-29T10:04:25Z" finished-at="2022-04-29T10:56:56Z">
      <class name="com.task.testcase.TaskLoginTestCase">
        <test-method status="PASS" signature="login()[pri:0, instance:com.task.testcase.TaskLoginTestCase@6c130c45]" name="login" duration-ms="3150792" started-at="2022-04-29T15:34:25Z" finished-at="2022-04-29T16:26:56Z">
          <reporter-output>
          </reporter-output>
        </test-method> <!-- login -->
      </class> <!-- com.task.testcase.TaskLoginTestCase -->
    </test> <!-- Test -->
  </suite> <!-- Suite -->
</testng-results>
